[2022-09-02T06:04:09.176+0000][8][gc] Using G1
[2022-09-02T06:04:13.295+0000][8][gc,init] Version: 15.0.1+9 (release)
[2022-09-02T06:04:13.295+0000][8][gc,init] CPUs: 6 total, 6 available
[2022-09-02T06:04:13.295+0000][8][gc,init] Memory: 5874M
[2022-09-02T06:04:13.296+0000][8][gc,init] Large Page Support: Disabled
[2022-09-02T06:04:13.296+0000][8][gc,init] NUMA Support: Disabled
[2022-09-02T06:04:13.296+0000][8][gc,init] Compressed Oops: Enabled (32-bit)
[2022-09-02T06:04:13.296+0000][8][gc,init] Heap Region Size: 4M
[2022-09-02T06:04:13.296+0000][8][gc,init] Heap Min Capacity: 256M
[2022-09-02T06:04:13.297+0000][8][gc,init] Heap Initial Capacity: 256M
[2022-09-02T06:04:13.297+0000][8][gc,init] Heap Max Capacity: 256M
[2022-09-02T06:04:13.297+0000][8][gc,init] Pre-touch: Enabled
[2022-09-02T06:04:13.297+0000][8][gc,init] Parallel Workers: 6
[2022-09-02T06:04:13.297+0000][8][gc,init] Concurrent Workers: 2
[2022-09-02T06:04:13.298+0000][8][gc,init] Concurrent Refinement Workers: 6
[2022-09-02T06:04:13.298+0000][8][gc,init] Periodic GC: Disabled
[2022-09-02T06:04:13.298+0000][8][gc,cds ] Mark closed archive regions in map: [0x00000000ffc00000, 0x00000000ffc7bff8]
[2022-09-02T06:04:13.298+0000][8][gc,cds ] Mark open archive regions in map: [0x00000000ffb00000, 0x00000000ffb51ff8]
[2022-09-02T06:04:13.299+0000][8][gc,metaspace] CDS archive(s) mapped at: [0x0000000800000000-0x0000000800b2a000-0x0000000800b2a000), size 11706368, SharedBaseAddress: 0x0000000800000000, ArchiveRelocationMode: 0.
[2022-09-02T06:04:13.299+0000][8][gc,metaspace] Compressed class space mapped at: 0x0000000800b2c000-0x0000000840b2c000, size: 1073741824
[2022-09-02T06:04:13.299+0000][8][gc,metaspace] Narrow klass base: 0x0000000800000000, Narrow klass shift: 3, Narrow klass range: 0x100000000
[2022-09-02T06:04:14.703+0000][8][gc,start    ] GC(0) Pause Young (Normal) (G1 Evacuation Pause)
[2022-09-02T06:04:14.704+0000][8][gc,task     ] GC(0) Using 6 workers of 6 for evacuation
[2022-09-02T06:04:14.704+0000][8][gc,age      ] GC(0) Desired survivor size 2097152 bytes, new threshold 15 (max threshold 15)
[2022-09-02T06:04:14.707+0000][8][gc,age      ] GC(0) Age table with threshold 15 (max threshold 15)
[2022-09-02T06:04:14.707+0000][8][gc,age      ] GC(0) - age   1:    3364712 bytes,    3364712 total
[2022-09-02T06:04:14.708+0000][8][gc,phases   ] GC(0)   Pre Evacuate Collection Set: 0.1ms
[2022-09-02T06:04:14.708+0000][8][gc,phases   ] GC(0)   Merge Heap Roots: 0.1ms
[2022-09-02T06:04:14.708+0000][8][gc,phases   ] GC(0)   Evacuate Collection Set: 1.4ms
[2022-09-02T06:04:14.708+0000][8][gc,phases   ] GC(0)   Post Evacuate Collection Set: 0.7ms
[2022-09-02T06:04:14.708+0000][8][gc,phases   ] GC(0)   Other: 2.1ms
[2022-09-02T06:04:14.711+0000][8][gc,heap     ] GC(0) Eden regions: 4->0(4)
[2022-09-02T06:04:14.711+0000][8][gc,heap     ] GC(0) Survivor regions: 0->1(1)
[2022-09-02T06:04:14.712+0000][8][gc,heap     ] GC(0) Old regions: 0->0
[2022-09-02T06:04:14.712+0000][8][gc,heap     ] GC(0) Archive regions: 2->2
[2022-09-02T06:04:14.712+0000][8][gc,heap     ] GC(0) Humongous regions: 0->0
[2022-09-02T06:04:14.712+0000][8][gc,metaspace] GC(0) Metaspace: 5145K(7680K)->5145K(7680K) NonClass: 4620K(6912K)->4620K(6912K) Class: 524K(768K)->524K(768K)
[2022-09-02T06:04:14.712+0000][8][gc          ] GC(0) Pause Young (Normal) (G1 Evacuation Pause) 19M->7M(256M) 8.978ms
[2022-09-02T06:04:14.712+0000][8][gc,cpu      ] GC(0) User=0.00s Sys=0.00s Real=0.01s
[2022-09-02T06:04:14.712+0000][8][safepoint   ] Safepoint "G1CollectForAllocation", Time since last: 791561162 ns, Reaching safepoint: 204083 ns, At safepoint: 9358754 ns, Total: 9562837 ns
[2022-09-02T06:04:15.303+0000][8][gc,start    ] GC(1) Pause Young (Normal) (G1 Evacuation Pause)
[2022-09-02T06:04:15.304+0000][8][gc,task     ] GC(1) Using 6 workers of 6 for evacuation
[2022-09-02T06:04:15.305+0000][8][gc,age      ] GC(1) Desired survivor size 2097152 bytes, new threshold 1 (max threshold 15)
[2022-09-02T06:04:15.320+0000][8][gc,age      ] GC(1) Age table with threshold 1 (max threshold 15)
[2022-09-02T06:04:15.321+0000][8][gc,age      ] GC(1) - age   1:    1291472 bytes,    1291472 total
[2022-09-02T06:04:15.325+0000][8][gc,phases   ] GC(1)   Pre Evacuate Collection Set: 0.1ms
[2022-09-02T06:04:15.326+0000][8][gc,phases   ] GC(1)   Merge Heap Roots: 0.0ms
[2022-09-02T06:04:15.328+0000][8][gc,phases   ] GC(1)   Evacuate Collection Set: 9.6ms
[2022-09-02T06:04:15.332+0000][8][gc,phases   ] GC(1)   Post Evacuate Collection Set: 0.9ms
[2022-09-02T06:04:15.333+0000][8][gc,phases   ] GC(1)   Other: 11.1ms
[2022-09-02T06:04:15.334+0000][8][gc,heap     ] GC(1) Eden regions: 4->0(10)
[2022-09-02T06:04:15.335+0000][8][gc,heap     ] GC(1) Survivor regions: 1->1(1)
[2022-09-02T06:04:15.336+0000][8][gc,heap     ] GC(1) Old regions: 0->1
[2022-09-02T06:04:15.336+0000][8][gc,heap     ] GC(1) Archive regions: 2->2
[2022-09-02T06:04:15.336+0000][8][gc,heap     ] GC(1) Humongous regions: 0->0
[2022-09-02T06:04:15.337+0000][8][gc,metaspace] GC(1) Metaspace: 9899K(10496K)->9899K(10496K) NonClass: 8734K(9216K)->8734K(9216K) Class: 1165K(1280K)->1165K(1280K)
[2022-09-02T06:04:15.337+0000][8][gc          ] GC(1) Pause Young (Normal) (G1 Evacuation Pause) 23M->8M(256M) 33.404ms
[2022-09-02T06:04:15.337+0000][8][gc,cpu      ] GC(1) User=0.05s Sys=0.00s Real=0.03s
[2022-09-02T06:04:15.339+0000][8][safepoint   ] Safepoint "G1CollectForAllocation", Time since last: 590469230 ns, Reaching safepoint: 259426 ns, At safepoint: 35273183 ns, Total: 35532609 ns
[2022-09-02T06:04:16.554+0000][8][safepoint   ] Safepoint "Cleanup", Time since last: 1214967810 ns, Reaching safepoint: 659597 ns, At safepoint: 36127 ns, Total: 695724 ns
[2022-09-02T06:04:17.702+0000][8][safepoint   ] Safepoint "Cleanup", Time since last: 1004648441 ns, Reaching safepoint: 143239925 ns, At safepoint: 85660 ns, Total: 143325585 ns
[2022-09-02T06:04:18.264+0000][8][gc,start    ] GC(2) Pause Young (Normal) (G1 Evacuation Pause)
[2022-09-02T06:04:18.679+0000][8][gc,task     ] GC(2) Using 6 workers of 6 for evacuation
[2022-09-02T06:04:18.680+0000][8][gc,age      ] GC(2) Desired survivor size 4194304 bytes, new threshold 15 (max threshold 15)
[2022-09-02T06:04:18.688+0000][8][gc,age      ] GC(2) Age table with threshold 15 (max threshold 15)
[2022-09-02T06:04:18.688+0000][8][gc,age      ] GC(2) - age   1:    2448400 bytes,    2448400 total
[2022-09-02T06:04:18.688+0000][8][gc,age      ] GC(2) - age   2:    1242872 bytes,    3691272 total
[2022-09-02T06:04:18.688+0000][8][gc,phases   ] GC(2)   Pre Evacuate Collection Set: 0.1ms
[2022-09-02T06:04:18.689+0000][8][gc,phases   ] GC(2)   Merge Heap Roots: 0.0ms
[2022-09-02T06:04:18.690+0000][8][gc,phases   ] GC(2)   Evacuate Collection Set: 2.7ms
[2022-09-02T06:04:18.692+0000][8][gc,phases   ] GC(2)   Post Evacuate Collection Set: 4.5ms
[2022-09-02T06:04:18.692+0000][8][gc,phases   ] GC(2)   Other: 416.8ms
[2022-09-02T06:04:18.696+0000][8][gc,heap     ] GC(2) Eden regions: 10->0(34)
[2022-09-02T06:04:18.696+0000][8][gc,heap     ] GC(2) Survivor regions: 1->1(2)
[2022-09-02T06:04:18.696+0000][8][gc,heap     ] GC(2) Old regions: 1->1
[2022-09-02T06:04:18.696+0000][8][gc,heap     ] GC(2) Archive regions: 2->2
[2022-09-02T06:04:18.697+0000][8][gc,heap     ] GC(2) Humongous regions: 0->0
[2022-09-02T06:04:18.697+0000][8][gc,metaspace] GC(2) Metaspace: 14457K(14976K)->14457K(14976K) NonClass: 12769K(13056K)->12769K(13056K) Class: 1688K(1920K)->1688K(1920K)
[2022-09-02T06:04:18.704+0000][8][gc          ] GC(2) Pause Young (Normal) (G1 Evacuation Pause) 48M->10M(256M) 439.713ms
[2022-09-02T06:04:18.704+0000][8][gc,cpu      ] GC(2) User=0.02s Sys=0.00s Real=0.44s
[2022-09-02T06:04:18.705+0000][8][safepoint   ] Safepoint "G1CollectForAllocation", Time since last: 561875499 ns, Reaching safepoint: 230753 ns, At safepoint: 440958360 ns, Total: 441189113 ns
[2022-09-02T06:04:19.427+0000][8][safepoint   ] Safepoint "ICBufferFull", Time since last: 711029309 ns, Reaching safepoint: 10762034 ns, At safepoint: 454823 ns, Total: 11216857 ns
[2022-09-02T06:04:19.450+0000][8][safepoint   ] Safepoint "ICBufferFull", Time since last: 13020468 ns, Reaching safepoint: 9529003 ns, At safepoint: 28774 ns, Total: 9557777 ns
[2022-09-02T06:04:19.474+0000][8][safepoint   ] Safepoint "ICBufferFull", Time since last: 23982938 ns, Reaching safepoint: 375463 ns, At safepoint: 5721 ns, Total: 381184 ns
[2022-09-02T06:04:19.484+0000][8][safepoint   ] Safepoint "ICBufferFull", Time since last: 9323167 ns, Reaching safepoint: 70752 ns, At safepoint: 2656 ns, Total: 73408 ns
[2022-09-02T06:04:19.522+0000][8][safepoint   ] Safepoint "ICBufferFull", Time since last: 37707976 ns, Reaching safepoint: 90099 ns, At safepoint: 3377 ns, Total: 93476 ns
[2022-09-02T06:04:19.527+0000][8][safepoint   ] Safepoint "ICBufferFull", Time since last: 3247728 ns, Reaching safepoint: 1723190 ns, At safepoint: 9308 ns, Total: 1732498 ns
[2022-09-02T06:04:19.546+0000][8][safepoint   ] Safepoint "ICBufferFull", Time since last: 19378916 ns, Reaching safepoint: 188564 ns, At safepoint: 11902 ns, Total: 200466 ns
[2022-09-02T06:04:19.564+0000][8][safepoint   ] Safepoint "ICBufferFull", Time since last: 17017130 ns, Reaching safepoint: 614622 ns, At safepoint: 9087 ns, Total: 623709 ns
[2022-09-02T06:04:19.577+0000][8][safepoint   ] Safepoint "ICBufferFull", Time since last: 9121129 ns, Reaching safepoint: 3638029 ns, At safepoint: 31239 ns, Total: 3669268 ns
[2022-09-02T06:04:19.587+0000][8][safepoint   ] Safepoint "ICBufferFull", Time since last: 10486087 ns, Reaching safepoint: 402154 ns, At safepoint: 9267 ns, Total: 411421 ns
[2022-09-02T06:04:19.598+0000][8][safepoint   ] Safepoint "ICBufferFull", Time since last: 10691462 ns, Reaching safepoint: 149240 ns, At safepoint: 2685 ns, Total: 151925 ns
[2022-09-02T06:04:19.609+0000][8][safepoint   ] Safepoint "ICBufferFull", Time since last: 10040772 ns, Reaching safepoint: 194585 ns, At safepoint: 5160 ns, Total: 199745 ns
[2022-09-02T06:04:19.619+0000][8][safepoint   ] Safepoint "ICBufferFull", Time since last: 10613716 ns, Reaching safepoint: 126547 ns, At safepoint: 22372 ns, Total: 148919 ns
[2022-09-02T06:04:19.636+0000][8][safepoint   ] Safepoint "ICBufferFull", Time since last: 16276752 ns, Reaching safepoint: 120817 ns, At safepoint: 20718 ns, Total: 141535 ns
[2022-09-02T06:04:19.987+0000][8][safepoint   ] Safepoint "ICBufferFull", Time since last: 350960843 ns, Reaching safepoint: 626294 ns, At safepoint: 8236 ns, Total: 634530 ns
[2022-09-02T06:04:20.169+0000][8][gc,start    ] GC(3) Pause Young (Normal) (G1 Evacuation Pause)
[2022-09-02T06:04:20.169+0000][8][gc,task     ] GC(3) Using 6 workers of 6 for evacuation
[2022-09-02T06:04:20.170+0000][8][gc,age      ] GC(3) Desired survivor size 10485760 bytes, new threshold 15 (max threshold 15)
[2022-09-02T06:04:20.182+0000][8][gc,age      ] GC(3) Age table with threshold 15 (max threshold 15)
[2022-09-02T06:04:20.182+0000][8][gc,age      ] GC(3) - age   1:    3929768 bytes,    3929768 total
[2022-09-02T06:04:20.183+0000][8][gc,age      ] GC(3) - age   2:    2351336 bytes,    6281104 total
[2022-09-02T06:04:20.183+0000][8][gc,age      ] GC(3) - age   3:    1226400 bytes,    7507504 total
[2022-09-02T06:04:20.183+0000][8][gc,phases   ] GC(3)   Pre Evacuate Collection Set: 0.1ms
[2022-09-02T06:04:20.183+0000][8][gc,phases   ] GC(3)   Merge Heap Roots: 0.1ms
[2022-09-02T06:04:20.183+0000][8][gc,phases   ] GC(3)   Evacuate Collection Set: 6.5ms
[2022-09-02T06:04:20.184+0000][8][gc,phases   ] GC(3)   Post Evacuate Collection Set: 1.0ms
[2022-09-02T06:04:20.184+0000][8][gc,phases   ] GC(3)   Other: 7.0ms
[2022-09-02T06:04:20.184+0000][8][gc,heap     ] GC(3) Eden regions: 34->0(36)
[2022-09-02T06:04:20.184+0000][8][gc,heap     ] GC(3) Survivor regions: 1->2(5)
[2022-09-02T06:04:20.185+0000][8][gc,heap     ] GC(3) Old regions: 1->1
[2022-09-02T06:04:20.185+0000][8][gc,heap     ] GC(3) Archive regions: 2->2
[2022-09-02T06:04:20.185+0000][8][gc,heap     ] GC(3) Humongous regions: 0->0
[2022-09-02T06:04:20.185+0000][8][gc,metaspace] GC(3) Metaspace: 17900K(18432K)->17900K(18432K) NonClass: 15765K(16128K)->15765K(16128K) Class: 2135K(2304K)->2135K(2304K)
[2022-09-02T06:04:20.185+0000][8][gc          ] GC(3) Pause Young (Normal) (G1 Evacuation Pause) 146M->14M(256M) 16.890ms
[2022-09-02T06:04:20.186+0000][8][gc,cpu      ] GC(3) User=0.02s Sys=0.01s Real=0.01s
[2022-09-02T06:04:20.186+0000][8][safepoint   ] Safepoint "G1CollectForAllocation", Time since last: 180850888 ns, Reaching safepoint: 237295 ns, At safepoint: 17398375 ns, Total: 17635670 ns
[2022-09-02T06:04:21.439+0000][8][safepoint   ] Safepoint "Cleanup", Time since last: 1178378842 ns, Reaching safepoint: 63934340 ns, At safepoint: 11255970 ns, Total: 75190310 ns
[2022-09-02T06:04:21.796+0000][8][gc,start    ] GC(4) Pause Young (Normal) (G1 Evacuation Pause)
[2022-09-02T06:04:21.796+0000][8][gc,task     ] GC(4) Using 6 workers of 6 for evacuation
[2022-09-02T06:04:21.797+0000][8][gc,age      ] GC(4) Desired survivor size 10485760 bytes, new threshold 15 (max threshold 15)
[2022-09-02T06:04:21.805+0000][8][gc,age      ] GC(4) Age table with threshold 15 (max threshold 15)
[2022-09-02T06:04:21.806+0000][8][gc,age      ] GC(4) - age   1:    2482224 bytes,    2482224 total
[2022-09-02T06:04:21.806+0000][8][gc,age      ] GC(4) - age   2:    3316912 bytes,    5799136 total
[2022-09-02T06:04:21.807+0000][8][gc,age      ] GC(4) - age   3:    2351336 bytes,    8150472 total
[2022-09-02T06:04:21.817+0000][8][gc,age      ] GC(4) - age   4:    1226400 bytes,    9376872 total
[2022-09-02T06:04:21.820+0000][8][gc,phases   ] GC(4)   Pre Evacuate Collection Set: 0.1ms
[2022-09-02T06:04:21.820+0000][8][gc,phases   ] GC(4)   Merge Heap Roots: 0.1ms
[2022-09-02T06:04:21.821+0000][8][gc,phases   ] GC(4)   Evacuate Collection Set: 7.3ms
[2022-09-02T06:04:21.821+0000][8][gc,phases   ] GC(4)   Post Evacuate Collection Set: 1.1ms
[2022-09-02T06:04:21.821+0000][8][gc,phases   ] GC(4)   Other: 15.2ms
[2022-09-02T06:04:21.821+0000][8][gc,heap     ] GC(4) Eden regions: 36->0(35)
[2022-09-02T06:04:21.821+0000][8][gc,heap     ] GC(4) Survivor regions: 2->3(5)
[2022-09-02T06:04:21.821+0000][8][gc,heap     ] GC(4) Old regions: 1->1
[2022-09-02T06:04:21.821+0000][8][gc,heap     ] GC(4) Archive regions: 2->2
[2022-09-02T06:04:21.822+0000][8][gc,heap     ] GC(4) Humongous regions: 0->0
[2022-09-02T06:04:21.822+0000][8][gc,metaspace] GC(4) Metaspace: 18504K(19328K)->18504K(19328K) NonClass: 16299K(16896K)->16299K(16896K) Class: 2205K(2432K)->2205K(2432K)
[2022-09-02T06:04:21.822+0000][8][gc          ] GC(4) Pause Young (Normal) (G1 Evacuation Pause) 158M->16M(256M) 25.766ms
[2022-09-02T06:04:21.822+0000][8][gc,cpu      ] GC(4) User=0.05s Sys=0.00s Real=0.03s
[2022-09-02T06:04:21.822+0000][8][safepoint   ] Safepoint "G1CollectForAllocation", Time since last: 356160350 ns, Reaching safepoint: 509886 ns, At safepoint: 26166521 ns, Total: 26676407 ns
[2022-09-02T06:04:22.110+0000][8][gc,start    ] GC(5) Pause Young (Normal) (G1 Evacuation Pause)
[2022-09-02T06:04:22.113+0000][8][gc,task     ] GC(5) Using 6 workers of 6 for evacuation
[2022-09-02T06:04:22.113+0000][8][gc,age      ] GC(5) Desired survivor size 10485760 bytes, new threshold 15 (max threshold 15)
[2022-09-02T06:04:22.135+0000][8][gc,age      ] GC(5) Age table with threshold 15 (max threshold 15)
[2022-09-02T06:04:22.144+0000][8][gc,age      ] GC(5) - age   1:    2065368 bytes,    2065368 total
[2022-09-02T06:04:22.147+0000][8][gc,age      ] GC(5) - age   2:    1881728 bytes,    3947096 total
[2022-09-02T06:04:22.147+0000][8][gc,age      ] GC(5) - age   3:    3315864 bytes,    7262960 total
[2022-09-02T06:04:22.148+0000][8][gc,age      ] GC(5) - age   4:    2351336 bytes,    9614296 total
[2022-09-02T06:04:22.148+0000][8][gc,age      ] GC(5) - age   5:    1226400 bytes,   10840696 total
[2022-09-02T06:04:22.148+0000][8][gc,phases   ] GC(5)   Pre Evacuate Collection Set: 1.0ms
[2022-09-02T06:04:22.148+0000][8][gc,phases   ] GC(5)   Merge Heap Roots: 0.3ms
[2022-09-02T06:04:22.148+0000][8][gc,phases   ] GC(5)   Evacuate Collection Set: 18.0ms
[2022-09-02T06:04:22.156+0000][8][gc,phases   ] GC(5)   Post Evacuate Collection Set: 0.7ms
[2022-09-02T06:04:22.157+0000][8][gc,phases   ] GC(5)   Other: 17.9ms
[2022-09-02T06:04:22.157+0000][8][gc,heap     ] GC(5) Eden regions: 35->0(35)
[2022-09-02T06:04:22.157+0000][8][gc,heap     ] GC(5) Survivor regions: 3->3(5)
[2022-09-02T06:04:22.158+0000][8][gc,heap     ] GC(5) Old regions: 1->1
[2022-09-02T06:04:22.159+0000][8][gc,heap     ] GC(5) Archive regions: 2->2
[2022-09-02T06:04:22.161+0000][8][gc,heap     ] GC(5) Humongous regions: 0->0
[2022-09-02T06:04:22.161+0000][8][gc,metaspace] GC(5) Metaspace: 18971K(19712K)->18971K(19712K) NonClass: 16691K(17152K)->16691K(17152K) Class: 2279K(2560K)->2279K(2560K)
[2022-09-02T06:04:22.161+0000][8][gc          ] GC(5) Pause Young (Normal) (G1 Evacuation Pause) 156M->17M(256M) 51.397ms
[2022-09-02T06:04:22.162+0000][8][gc,cpu      ] GC(5) User=0.10s Sys=0.02s Real=0.05s
[2022-09-02T06:04:22.162+0000][8][safepoint   ] Safepoint "G1CollectForAllocation", Time since last: 287690378 ns, Reaching safepoint: 125054 ns, At safepoint: 51904459 ns, Total: 52029513 ns
[2022-09-02T06:04:22.386+0000][8][gc,start    ] GC(6) Pause Young (Normal) (G1 Evacuation Pause)
[2022-09-02T06:04:22.386+0000][8][gc,task     ] GC(6) Using 6 workers of 6 for evacuation
[2022-09-02T06:04:22.387+0000][8][gc,age      ] GC(6) Desired survivor size 10485760 bytes, new threshold 5 (max threshold 15)
[2022-09-02T06:04:22.396+0000][8][gc,age      ] GC(6) Age table with threshold 5 (max threshold 15)
[2022-09-02T06:04:22.397+0000][8][gc,age      ] GC(6) - age   1:    1273248 bytes,    1273248 total
[2022-09-02T06:04:22.397+0000][8][gc,age      ] GC(6) - age   2:    1479176 bytes,    2752424 total
[2022-09-02T06:04:22.397+0000][8][gc,age      ] GC(6) - age   3:    1881728 bytes,    4634152 total
[2022-09-02T06:04:22.397+0000][8][gc,age      ] GC(6) - age   4:    3315808 bytes,    7949960 total
[2022-09-02T06:04:22.397+0000][8][gc,age      ] GC(6) - age   5:    2351336 bytes,   10301296 total
[2022-09-02T06:04:22.397+0000][8][gc,phases   ] GC(6)   Pre Evacuate Collection Set: 0.4ms
[2022-09-02T06:04:22.398+0000][8][gc,phases   ] GC(6)   Merge Heap Roots: 0.1ms
[2022-09-02T06:04:22.398+0000][8][gc,phases   ] GC(6)   Evacuate Collection Set: 8.5ms
[2022-09-02T06:04:22.398+0000][8][gc,phases   ] GC(6)   Post Evacuate Collection Set: 0.7ms
[2022-09-02T06:04:22.398+0000][8][gc,phases   ] GC(6)   Other: 2.1ms
[2022-09-02T06:04:22.398+0000][8][gc,heap     ] GC(6) Eden regions: 35->0(35)
[2022-09-02T06:04:22.398+0000][8][gc,heap     ] GC(6) Survivor regions: 3->3(5)
[2022-09-02T06:04:22.399+0000][8][gc,heap     ] GC(6) Old regions: 1->2
[2022-09-02T06:04:22.399+0000][8][gc,heap     ] GC(6) Archive regions: 2->2
[2022-09-02T06:04:22.400+0000][8][gc,heap     ] GC(6) Humongous regions: 0->0
[2022-09-02T06:04:22.400+0000][8][gc,metaspace] GC(6) Metaspace: 19270K(20224K)->19270K(20224K) NonClass: 16959K(17664K)->16959K(17664K) Class: 2311K(2560K)->2311K(2560K)
[2022-09-02T06:04:22.400+0000][8][gc          ] GC(6) Pause Young (Normal) (G1 Evacuation Pause) 157M->18M(256M) 14.707ms
[2022-09-02T06:04:22.401+0000][8][gc,cpu      ] GC(6) User=0.03s Sys=0.00s Real=0.02s
[2022-09-02T06:04:22.401+0000][8][safepoint   ] Safepoint "G1CollectForAllocation", Time since last: 222197687 ns, Reaching safepoint: 1327508 ns, At safepoint: 15336109 ns, Total: 16663617 ns
[2022-09-02T06:04:22.575+0000][8][gc,start    ] GC(7) Pause Young (Normal) (G1 Evacuation Pause)
[2022-09-02T06:04:22.576+0000][8][gc,task     ] GC(7) Using 6 workers of 6 for evacuation
[2022-09-02T06:04:22.576+0000][8][gc,age      ] GC(7) Desired survivor size 10485760 bytes, new threshold 15 (max threshold 15)
[2022-09-02T06:04:22.584+0000][8][gc,age      ] GC(7) Age table with threshold 15 (max threshold 15)
[2022-09-02T06:04:22.585+0000][8][gc,age      ] GC(7) - age   1:     847624 bytes,     847624 total
[2022-09-02T06:04:22.585+0000][8][gc,age      ] GC(7) - age   2:    1240032 bytes,    2087656 total
[2022-09-02T06:04:22.585+0000][8][gc,age      ] GC(7) - age   3:    1478568 bytes,    3566224 total
[2022-09-02T06:04:22.585+0000][8][gc,age      ] GC(7) - age   4:    1881696 bytes,    5447920 total
[2022-09-02T06:04:22.585+0000][8][gc,age      ] GC(7) - age   5:    3311856 bytes,    8759776 total
[2022-09-02T06:04:22.586+0000][8][gc,age      ] GC(7) - age   6:    2351336 bytes,   11111112 total
[2022-09-02T06:04:22.586+0000][8][gc,phases   ] GC(7)   Pre Evacuate Collection Set: 0.2ms
[2022-09-02T06:04:22.586+0000][8][gc,phases   ] GC(7)   Merge Heap Roots: 0.1ms
[2022-09-02T06:04:22.586+0000][8][gc,phases   ] GC(7)   Evacuate Collection Set: 7.4ms
[2022-09-02T06:04:22.586+0000][8][gc,phases   ] GC(7)   Post Evacuate Collection Set: 0.8ms
[2022-09-02T06:04:22.586+0000][8][gc,phases   ] GC(7)   Other: 1.9ms
[2022-09-02T06:04:22.586+0000][8][gc,heap     ] GC(7) Eden regions: 35->0(35)
[2022-09-02T06:04:22.587+0000][8][gc,heap     ] GC(7) Survivor regions: 3->3(5)
[2022-09-02T06:04:22.587+0000][8][gc,heap     ] GC(7) Old regions: 2->2
[2022-09-02T06:04:22.587+0000][8][gc,heap     ] GC(7) Archive regions: 2->2
[2022-09-02T06:04:22.587+0000][8][gc,heap     ] GC(7) Humongous regions: 0->0
[2022-09-02T06:04:22.587+0000][8][gc,metaspace] GC(7) Metaspace: 19406K(20480K)->19406K(20480K) NonClass: 17069K(17920K)->17069K(17920K) Class: 2336K(2560K)->2336K(2560K)
[2022-09-02T06:04:22.587+0000][8][gc          ] GC(7) Pause Young (Normal) (G1 Evacuation Pause) 158M->19M(256M) 11.931ms
[2022-09-02T06:04:22.587+0000][8][gc,cpu      ] GC(7) User=0.03s Sys=0.00s Real=0.01s
[2022-09-02T06:04:22.588+0000][8][safepoint   ] Safepoint "G1CollectForAllocation", Time since last: 174162391 ns, Reaching safepoint: 219522 ns, At safepoint: 12350472 ns, Total: 12569994 ns
[2022-09-02T06:04:22.785+0000][8][gc,start    ] GC(8) Pause Young (Normal) (G1 Evacuation Pause)
[2022-09-02T06:04:22.785+0000][8][gc,task     ] GC(8) Using 6 workers of 6 for evacuation
[2022-09-02T06:04:22.785+0000][8][gc,age      ] GC(8) Desired survivor size 10485760 bytes, new threshold 6 (max threshold 15)
[2022-09-02T06:04:22.793+0000][8][gc,age      ] GC(8) Age table with threshold 6 (max threshold 15)
[2022-09-02T06:04:22.794+0000][8][gc,age      ] GC(8) - age   1:     751576 bytes,     751576 total
[2022-09-02T06:04:22.794+0000][8][gc,age      ] GC(8) - age   2:     256384 bytes,    1007960 total
[2022-09-02T06:04:22.794+0000][8][gc,age      ] GC(8) - age   3:    1240032 bytes,    2247992 total
[2022-09-02T06:04:22.794+0000][8][gc,age      ] GC(8) - age   4:    1478568 bytes,    3726560 total
[2022-09-02T06:04:22.794+0000][8][gc,age      ] GC(8) - age   5:    1881696 bytes,    5608256 total
[2022-09-02T06:04:22.795+0000][8][gc,age      ] GC(8) - age   6:    3311856 bytes,    8920112 total
[2022-09-02T06:04:22.795+0000][8][gc,phases   ] GC(8)   Pre Evacuate Collection Set: 0.1ms
[2022-09-02T06:04:22.795+0000][8][gc,phases   ] GC(8)   Merge Heap Roots: 0.1ms
[2022-09-02T06:04:22.795+0000][8][gc,phases   ] GC(8)   Evacuate Collection Set: 7.4ms
[2022-09-02T06:04:22.795+0000][8][gc,phases   ] GC(8)   Post Evacuate Collection Set: 0.6ms
[2022-09-02T06:04:22.795+0000][8][gc,phases   ] GC(8)   Other: 2.1ms
[2022-09-02T06:04:22.796+0000][8][gc,heap     ] GC(8) Eden regions: 35->0(35)
[2022-09-02T06:04:22.796+0000][8][gc,heap     ] GC(8) Survivor regions: 3->3(5)
[2022-09-02T06:04:22.796+0000][8][gc,heap     ] GC(8) Old regions: 2->2
[2022-09-02T06:04:22.796+0000][8][gc,heap     ] GC(8) Archive regions: 2->2
[2022-09-02T06:04:22.796+0000][8][gc,heap     ] GC(8) Humongous regions: 0->0
[2022-09-02T06:04:22.796+0000][8][gc,metaspace] GC(8) Metaspace: 19624K(20864K)->19624K(20864K) NonClass: 17246K(18176K)->17246K(18176K) Class: 2377K(2688K)->2377K(2688K)
[2022-09-02T06:04:22.796+0000][8][gc          ] GC(8) Pause Young (Normal) (G1 Evacuation Pause) 159M->20M(256M) 11.771ms
[2022-09-02T06:04:22.796+0000][8][gc,cpu      ] GC(8) User=0.03s Sys=0.00s Real=0.01s
[2022-09-02T06:04:22.797+0000][8][safepoint   ] Safepoint "G1CollectForAllocation", Time since last: 196701872 ns, Reaching safepoint: 269194 ns, At safepoint: 12122265 ns, Total: 12391459 ns
[2022-09-02T06:04:22.949+0000][8][gc,start    ] GC(9) Pause Young (Normal) (G1 Evacuation Pause)
[2022-09-02T06:04:22.950+0000][8][gc,task     ] GC(9) Using 6 workers of 6 for evacuation
[2022-09-02T06:04:22.950+0000][8][gc,age      ] GC(9) Desired survivor size 10485760 bytes, new threshold 15 (max threshold 15)
[2022-09-02T06:04:22.955+0000][8][gc,age      ] GC(9) Age table with threshold 15 (max threshold 15)
[2022-09-02T06:04:22.955+0000][8][gc,age      ] GC(9) - age   1:     482424 bytes,     482424 total
[2022-09-02T06:04:22.955+0000][8][gc,age      ] GC(9) - age   2:     254896 bytes,     737320 total
[2022-09-02T06:04:22.955+0000][8][gc,age      ] GC(9) - age   3:     256232 bytes,     993552 total
[2022-09-02T06:04:22.955+0000][8][gc,age      ] GC(9) - age   4:    1240032 bytes,    2233584 total
[2022-09-02T06:04:22.956+0000][8][gc,age      ] GC(9) - age   5:    1477896 bytes,    3711480 total
[2022-09-02T06:04:22.956+0000][8][gc,age      ] GC(9) - age   6:    1881408 bytes,    5592888 total
[2022-09-02T06:04:22.956+0000][8][gc,age      ] GC(9) - age   7:    3311728 bytes,    8904616 total
[2022-09-02T06:04:22.956+0000][8][gc,phases   ] GC(9)   Pre Evacuate Collection Set: 0.1ms
[2022-09-02T06:04:22.956+0000][8][gc,phases   ] GC(9)   Merge Heap Roots: 0.1ms
[2022-09-02T06:04:22.956+0000][8][gc,phases   ] GC(9)   Evacuate Collection Set: 3.8ms
[2022-09-02T06:04:22.956+0000][8][gc,phases   ] GC(9)   Post Evacuate Collection Set: 0.6ms
[2022-09-02T06:04:22.957+0000][8][gc,phases   ] GC(9)   Other: 2.1ms
[2022-09-02T06:04:22.957+0000][8][gc,heap     ] GC(9) Eden regions: 35->0(35)
[2022-09-02T06:04:22.957+0000][8][gc,heap     ] GC(9) Survivor regions: 3->3(5)
[2022-09-02T06:04:22.957+0000][8][gc,heap     ] GC(9) Old regions: 2->2
[2022-09-02T06:04:22.957+0000][8][gc,heap     ] GC(9) Archive regions: 2->2
[2022-09-02T06:04:22.957+0000][8][gc,heap     ] GC(9) Humongous regions: 0->0
[2022-09-02T06:04:22.957+0000][8][gc,metaspace] GC(9) Metaspace: 19689K(20864K)->19689K(20864K) NonClass: 17299K(18176K)->17299K(18176K) Class: 2389K(2688K)->2389K(2688K)
[2022-09-02T06:04:22.957+0000][8][gc          ] GC(9) Pause Young (Normal) (G1 Evacuation Pause) 160M->19M(256M) 8.041ms
[2022-09-02T06:04:22.958+0000][8][gc,cpu      ] GC(9) User=0.01s Sys=0.00s Real=0.00s
[2022-09-02T06:04:22.958+0000][8][safepoint   ] Safepoint "G1CollectForAllocation", Time since last: 152532143 ns, Reaching safepoint: 171251 ns, At safepoint: 8401850 ns, Total: 8573101 ns
[2022-09-02T06:04:23.178+0000][8][gc,start    ] GC(10) Pause Young (Concurrent Start) (Metadata GC Threshold)
[2022-09-02T06:04:23.179+0000][8][gc,task     ] GC(10) Using 6 workers of 6 for evacuation
[2022-09-02T06:04:23.179+0000][8][gc,age      ] GC(10) Desired survivor size 10485760 bytes, new threshold 15 (max threshold 15)
[2022-09-02T06:04:23.186+0000][8][gc,age      ] GC(10) Age table with threshold 15 (max threshold 15)
[2022-09-02T06:04:23.187+0000][8][gc,age      ] GC(10) - age   1:    1638008 bytes,    1638008 total
[2022-09-02T06:04:23.187+0000][8][gc,age      ] GC(10) - age   2:     439568 bytes,    2077576 total
[2022-09-02T06:04:23.187+0000][8][gc,age      ] GC(10) - age   3:     254896 bytes,    2332472 total
[2022-09-02T06:04:23.187+0000][8][gc,age      ] GC(10) - age   4:     256168 bytes,    2588640 total
[2022-09-02T06:04:23.187+0000][8][gc,age      ] GC(10) - age   5:    1240032 bytes,    3828672 total
[2022-09-02T06:04:23.187+0000][8][gc,age      ] GC(10) - age   6:    1476856 bytes,    5305528 total
[2022-09-02T06:04:23.187+0000][8][gc,age      ] GC(10) - age   7:    1881216 bytes,    7186744 total
[2022-09-02T06:04:23.187+0000][8][gc,age      ] GC(10) - age   8:    3311432 bytes,   10498176 total
[2022-09-02T06:04:23.188+0000][8][gc,phases   ] GC(10)   Pre Evacuate Collection Set: 0.1ms
[2022-09-02T06:04:23.188+0000][8][gc,phases   ] GC(10)   Merge Heap Roots: 0.0ms
[2022-09-02T06:04:23.188+0000][8][gc,phases   ] GC(10)   Evacuate Collection Set: 6.2ms
[2022-09-02T06:04:23.188+0000][8][gc,phases   ] GC(10)   Post Evacuate Collection Set: 0.9ms
[2022-09-02T06:04:23.189+0000][8][gc,phases   ] GC(10)   Other: 2.2ms
[2022-09-02T06:04:23.189+0000][8][gc,heap     ] GC(10) Eden regions: 34->0(35)
[2022-09-02T06:04:23.189+0000][8][gc,heap     ] GC(10) Survivor regions: 3->3(5)
[2022-09-02T06:04:23.189+0000][8][gc,heap     ] GC(10) Old regions: 2->2
[2022-09-02T06:04:23.189+0000][8][gc,heap     ] GC(10) Archive regions: 2->2
[2022-09-02T06:04:23.189+0000][8][gc,heap     ] GC(10) Humongous regions: 0->0
[2022-09-02T06:04:23.189+0000][8][gc,metaspace] GC(10) Metaspace: 19986K(21248K)->19986K(21248K) NonClass: 17547K(18432K)->17547K(18432K) Class: 2438K(2816K)->2438K(2816K)
[2022-09-02T06:04:23.189+0000][8][gc          ] GC(10) Pause Young (Concurrent Start) (Metadata GC Threshold) 155M->20M(256M) 11.074ms
[2022-09-02T06:04:23.190+0000][8][gc,cpu      ] GC(10) User=0.04s Sys=0.00s Real=0.02s
[2022-09-02T06:04:23.190+0000][8][safepoint   ] Safepoint "CollectForMetadataAllocation", Time since last: 220373467 ns, Reaching safepoint: 252704 ns, At safepoint: 11597090 ns, Total: 11849794 ns
[2022-09-02T06:04:23.190+0000][8][gc          ] GC(11) Concurrent Cycle
[2022-09-02T06:04:23.190+0000][8][gc,marking  ] GC(11) Concurrent Clear Claimed Marks
[2022-09-02T06:04:23.190+0000][8][gc,marking  ] GC(11) Concurrent Clear Claimed Marks 0.146ms
[2022-09-02T06:04:23.191+0000][8][gc,marking  ] GC(11) Concurrent Scan Root Regions
[2022-09-02T06:04:23.197+0000][8][gc,marking  ] GC(11) Concurrent Scan Root Regions 6.259ms
[2022-09-02T06:04:23.197+0000][8][gc,marking  ] GC(11) Concurrent Mark (14.123s)
[2022-09-02T06:04:23.197+0000][8][gc,marking  ] GC(11) Concurrent Mark From Roots
[2022-09-02T06:04:23.198+0000][8][gc,task     ] GC(11) Using 2 workers of 2 for marking
[2022-09-02T06:04:23.204+0000][8][gc,marking  ] GC(11) Concurrent Mark From Roots 6.328ms
[2022-09-02T06:04:23.205+0000][8][gc,marking  ] GC(11) Concurrent Preclean
[2022-09-02T06:04:23.205+0000][8][gc,marking  ] GC(11) Concurrent Preclean 0.882ms
[2022-09-02T06:04:23.206+0000][8][gc,marking  ] GC(11) Concurrent Mark (14.123s, 14.131s) 8.422ms
[2022-09-02T06:04:23.210+0000][8][gc,start    ] GC(11) Pause Remark
[2022-09-02T06:04:23.219+0000][8][gc          ] GC(11) Pause Remark 28M->28M(256M) 8.939ms
[2022-09-02T06:04:23.219+0000][8][gc,cpu      ] GC(11) User=0.02s Sys=0.00s Real=0.01s
[2022-09-02T06:04:23.219+0000][8][safepoint   ] Safepoint "G1Concurrent", Time since last: 15905085 ns, Reaching safepoint: 3849286 ns, At safepoint: 9466776 ns, Total: 13316062 ns
[2022-09-02T06:04:23.226+0000][8][gc,marking  ] GC(11) Concurrent Rebuild Remembered Sets
[2022-09-02T06:04:23.229+0000][8][gc,marking  ] GC(11) Concurrent Rebuild Remembered Sets 2.892ms
[2022-09-02T06:04:23.230+0000][8][gc,start    ] GC(11) Pause Cleanup
[2022-09-02T06:04:23.230+0000][8][gc          ] GC(11) Pause Cleanup 34M->34M(256M) 0.367ms
[2022-09-02T06:04:23.230+0000][8][gc,cpu      ] GC(11) User=0.00s Sys=0.00s Real=0.00s
[2022-09-02T06:04:23.231+0000][8][safepoint   ] Safepoint "G1Concurrent", Time since last: 10083682 ns, Reaching safepoint: 580258 ns, At safepoint: 660729 ns, Total: 1240987 ns
[2022-09-02T06:04:23.231+0000][8][gc,marking  ] GC(11) Concurrent Cleanup for Next Mark
[2022-09-02T06:04:23.231+0000][8][gc,marking  ] GC(11) Concurrent Cleanup for Next Mark 0.725ms
[2022-09-02T06:04:23.232+0000][8][gc          ] GC(11) Concurrent Cycle 41.924ms
[2022-09-02T06:04:23.434+0000][8][gc,start    ] GC(12) Pause Young (Normal) (G1 Evacuation Pause)
[2022-09-02T06:04:23.434+0000][8][gc,task     ] GC(12) Using 6 workers of 6 for evacuation
[2022-09-02T06:04:23.438+0000][8][gc,age      ] GC(12) Desired survivor size 10485760 bytes, new threshold 8 (max threshold 15)
[2022-09-02T06:04:23.449+0000][8][gc,age      ] GC(12) Age table with threshold 8 (max threshold 15)
[2022-09-02T06:04:23.450+0000][8][gc,age      ] GC(12) - age   1:    2070696 bytes,    2070696 total
[2022-09-02T06:04:23.450+0000][8][gc,age      ] GC(12) - age   2:    1617104 bytes,    3687800 total
[2022-09-02T06:04:23.451+0000][8][gc,age      ] GC(12) - age   3:     438576 bytes,    4126376 total
[2022-09-02T06:04:23.452+0000][8][gc,age      ] GC(12) - age   4:     254832 bytes,    4381208 total
[2022-09-02T06:04:23.452+0000][8][gc,age      ] GC(12) - age   5:     256168 bytes,    4637376 total
[2022-09-02T06:04:23.454+0000][8][gc,age      ] GC(12) - age   6:    1240032 bytes,    5877408 total
[2022-09-02T06:04:23.454+0000][8][gc,age      ] GC(12) - age   7:    1476856 bytes,    7354264 total
[2022-09-02T06:04:23.455+0000][8][gc,age      ] GC(12) - age   8:    1881216 bytes,    9235480 total
[2022-09-02T06:04:23.455+0000][8][gc,phases   ] GC(12)   Pre Evacuate Collection Set: 0.1ms
[2022-09-02T06:04:23.455+0000][8][gc,phases   ] GC(12)   Merge Heap Roots: 0.0ms
[2022-09-02T06:04:23.456+0000][8][gc,phases   ] GC(12)   Evacuate Collection Set: 8.2ms
[2022-09-02T06:04:23.456+0000][8][gc,phases   ] GC(12)   Post Evacuate Collection Set: 2.9ms
[2022-09-02T06:04:23.457+0000][8][gc,phases   ] GC(12)   Other: 10.2ms
[2022-09-02T06:04:23.458+0000][8][gc,heap     ] GC(12) Eden regions: 35->0(35)
[2022-09-02T06:04:23.458+0000][8][gc,heap     ] GC(12) Survivor regions: 3->3(5)
[2022-09-02T06:04:23.458+0000][8][gc,heap     ] GC(12) Old regions: 2->3
[2022-09-02T06:04:23.458+0000][8][gc,heap     ] GC(12) Archive regions: 2->2
[2022-09-02T06:04:23.458+0000][8][gc,heap     ] GC(12) Humongous regions: 0->0
[2022-09-02T06:04:23.459+0000][8][gc,metaspace] GC(12) Metaspace: 20067K(21504K)->20067K(21504K) NonClass: 17611K(18688K)->17611K(18688K) Class: 2456K(2816K)->2456K(2816K)
[2022-09-02T06:04:23.459+0000][8][gc          ] GC(12) Pause Young (Normal) (G1 Evacuation Pause) 160M->22M(256M) 25.191ms
[2022-09-02T06:04:23.459+0000][8][gc,cpu      ] GC(12) User=0.04s Sys=0.00s Real=0.03s
[2022-09-02T06:04:23.460+0000][8][safepoint   ] Safepoint "G1CollectForAllocation", Time since last: 200166447 ns, Reaching safepoint: 2974526 ns, At safepoint: 26405910 ns, Total: 29380436 ns
[2022-09-02T06:04:23.623+0000][8][gc,start    ] GC(13) Pause Young (Normal) (G1 Evacuation Pause)
[2022-09-02T06:04:23.623+0000][8][gc,task     ] GC(13) Using 6 workers of 6 for evacuation
[2022-09-02T06:04:23.623+0000][8][gc,age      ] GC(13) Desired survivor size 10485760 bytes, new threshold 15 (max threshold 15)
[2022-09-02T06:04:23.632+0000][8][gc,age      ] GC(13) Age table with threshold 15 (max threshold 15)
[2022-09-02T06:04:23.632+0000][8][gc,age      ] GC(13) - age   1:     968472 bytes,     968472 total
[2022-09-02T06:04:23.632+0000][8][gc,age      ] GC(13) - age   2:     506896 bytes,    1475368 total
[2022-09-02T06:04:23.632+0000][8][gc,age      ] GC(13) - age   3:    1617104 bytes,    3092472 total
[2022-09-02T06:04:23.632+0000][8][gc,age      ] GC(13) - age   4:     438360 bytes,    3530832 total
[2022-09-02T06:04:23.633+0000][8][gc,age      ] GC(13) - age   5:     254832 bytes,    3785664 total
[2022-09-02T06:04:23.633+0000][8][gc,age      ] GC(13) - age   6:     255624 bytes,    4041288 total
[2022-09-02T06:04:23.633+0000][8][gc,age      ] GC(13) - age   7:    1240032 bytes,    5281320 total
[2022-09-02T06:04:23.633+0000][8][gc,age      ] GC(13) - age   8:    1476856 bytes,    6758176 total
[2022-09-02T06:04:23.633+0000][8][gc,age      ] GC(13) - age   9:    1881216 bytes,    8639392 total
[2022-09-02T06:04:23.633+0000][8][gc,phases   ] GC(13)   Pre Evacuate Collection Set: 1.2ms
[2022-09-02T06:04:23.633+0000][8][gc,phases   ] GC(13)   Merge Heap Roots: 0.1ms
[2022-09-02T06:04:23.634+0000][8][gc,phases   ] GC(13)   Evacuate Collection Set: 6.3ms
[2022-09-02T06:04:23.634+0000][8][gc,phases   ] GC(13)   Post Evacuate Collection Set: 0.7ms
[2022-09-02T06:04:23.634+0000][8][gc,phases   ] GC(13)   Other: 2.2ms
[2022-09-02T06:04:23.634+0000][8][gc,heap     ] GC(13) Eden regions: 35->0(35)
[2022-09-02T06:04:23.634+0000][8][gc,heap     ] GC(13) Survivor regions: 3->3(5)
[2022-09-02T06:04:23.634+0000][8][gc,heap     ] GC(13) Old regions: 3->3
[2022-09-02T06:04:23.634+0000][8][gc,heap     ] GC(13) Archive regions: 2->2
[2022-09-02T06:04:23.634+0000][8][gc,heap     ] GC(13) Humongous regions: 0->0
[2022-09-02T06:04:23.635+0000][8][gc,metaspace] GC(13) Metaspace: 20105K(21504K)->20105K(21504K) NonClass: 17639K(18688K)->17639K(18688K) Class: 2465K(2816K)->2465K(2816K)
[2022-09-02T06:04:23.635+0000][8][gc          ] GC(13) Pause Young (Normal) (G1 Evacuation Pause) 162M->22M(256M) 11.952ms
[2022-09-02T06:04:23.635+0000][8][gc,cpu      ] GC(13) User=0.03s Sys=0.00s Real=0.01s
[2022-09-02T06:04:23.636+0000][8][safepoint   ] Safepoint "G1CollectForAllocation", Time since last: 162258065 ns, Reaching safepoint: 471134 ns, At safepoint: 12847574 ns, Total: 13318708 ns
[2022-09-02T06:04:24.637+0000][8][safepoint   ] Safepoint "Cleanup", Time since last: 1000571347 ns, Reaching safepoint: 448290 ns, At safepoint: 3116 ns, Total: 451406 ns
[2022-09-02T06:04:25.675+0000][8][safepoint   ] Safepoint "Cleanup", Time since last: 1037535170 ns, Reaching safepoint: 273512 ns, At safepoint: 19226 ns, Total: 292738 ns
[2022-09-02T06:04:26.689+0000][8][safepoint   ] Safepoint "Cleanup", Time since last: 1002311030 ns, Reaching safepoint: 12341244 ns, At safepoint: 81533 ns, Total: 12422777 ns
[2022-09-02T06:04:27.310+0000][8][gc,start    ] GC(14) Pause Young (Normal) (G1 Evacuation Pause)
[2022-09-02T06:04:27.317+0000][8][gc,task     ] GC(14) Using 6 workers of 6 for evacuation
[2022-09-02T06:04:27.328+0000][8][gc,age      ] GC(14) Desired survivor size 10485760 bytes, new threshold 15 (max threshold 15)
[2022-09-02T06:04:27.358+0000][8][gc,age      ] GC(14) Age table with threshold 15 (max threshold 15)
[2022-09-02T06:04:27.405+0000][8][gc,age      ] GC(14) - age   1:    9505208 bytes,    9505208 total
[2022-09-02T06:04:27.412+0000][8][gc,age      ] GC(14) - age   2:     298824 bytes,    9804032 total
[2022-09-02T06:04:27.417+0000][8][gc,age      ] GC(14) - age   3:     506328 bytes,   10310360 total
[2022-09-02T06:04:27.426+0000][8][gc,age      ] GC(14) - age   4:    1612952 bytes,   11923312 total
[2022-09-02T06:04:27.432+0000][8][gc,age      ] GC(14) - age   5:     437800 bytes,   12361112 total
[2022-09-02T06:04:27.432+0000][8][gc,age      ] GC(14) - age   6:     254304 bytes,   12615416 total
[2022-09-02T06:04:27.438+0000][8][gc,age      ] GC(14) - age   7:     248672 bytes,   12864088 total
[2022-09-02T06:04:27.445+0000][8][gc,age      ] GC(14) - age   8:    1237184 bytes,   14101272 total
[2022-09-02T06:04:27.452+0000][8][gc,age      ] GC(14) - age   9:    1473224 bytes,   15574496 total
[2022-09-02T06:04:27.464+0000][8][gc,age      ] GC(14) - age  10:    1873808 bytes,   17448304 total
[2022-09-02T06:04:27.472+0000][8][gc,phases   ] GC(14)   Pre Evacuate Collection Set: 0.2ms
[2022-09-02T06:04:27.477+0000][8][gc,phases   ] GC(14)   Merge Heap Roots: 0.1ms
[2022-09-02T06:04:27.482+0000][8][gc,phases   ] GC(14)   Evacuate Collection Set: 28.2ms
[2022-09-02T06:04:27.484+0000][8][gc,phases   ] GC(14)   Post Evacuate Collection Set: 1.5ms
[2022-09-02T06:04:27.498+0000][8][gc,phases   ] GC(14)   Other: 132.4ms
[2022-09-02T06:04:27.510+0000][8][gc,heap     ] GC(14) Eden regions: 35->0(33)
[2022-09-02T06:04:27.512+0000][8][gc,heap     ] GC(14) Survivor regions: 3->5(5)
[2022-09-02T06:04:27.523+0000][8][gc,heap     ] GC(14) Old regions: 3->3
[2022-09-02T06:04:27.531+0000][8][gc,heap     ] GC(14) Archive regions: 2->2
[2022-09-02T06:04:27.550+0000][8][gc,heap     ] GC(14) Humongous regions: 0->0
[2022-09-02T06:04:27.553+0000][8][gc,metaspace] GC(14) Metaspace: 30043K(32000K)->30043K(32000K) NonClass: 26282K(27648K)->26282K(27648K) Class: 3760K(4352K)->3760K(4352K)
[2022-09-02T06:04:27.563+0000][8][gc          ] GC(14) Pause Young (Normal) (G1 Evacuation Pause) 162M->30M(256M) 253.659ms
[2022-09-02T06:04:27.570+0000][8][gc,cpu      ] GC(14) User=0.11s Sys=0.02s Real=0.09s
[2022-09-02T06:04:27.576+0000][8][safepoint   ] Safepoint "G1CollectForAllocation", Time since last: 620150179 ns, Reaching safepoint: 199374 ns, At safepoint: 266490648 ns, Total: 266690022 ns
[2022-09-02T06:04:28.692+0000][8][safepoint   ] Safepoint "Cleanup", Time since last: 1115214595 ns, Reaching safepoint: 357009 ns, At safepoint: 27031 ns, Total: 384040 ns
[2022-09-02T06:04:29.271+0000][8][gc,start    ] GC(15) Pause Young (Normal) (G1 Evacuation Pause)
[2022-09-02T06:04:29.271+0000][8][gc,task     ] GC(15) Using 6 workers of 6 for evacuation
[2022-09-02T06:04:29.271+0000][8][gc,age      ] GC(15) Desired survivor size 10485760 bytes, new threshold 4 (max threshold 15)
[2022-09-02T06:04:29.339+0000][8][gc,age      ] GC(15) Age table with threshold 4 (max threshold 15)
[2022-09-02T06:04:29.339+0000][8][gc,age      ] GC(15) - age   1:   11411672 bytes,   11411672 total
[2022-09-02T06:04:29.340+0000][8][gc,age      ] GC(15) - age   2:    8748552 bytes,   20160224 total
[2022-09-02T06:04:29.340+0000][8][gc,age      ] GC(15) - age   3:     298824 bytes,   20459048 total
[2022-09-02T06:04:29.340+0000][8][gc,age      ] GC(15) - age   4:     506328 bytes,   20965376 total
[2022-09-02T06:04:29.340+0000][8][gc,phases   ] GC(15)   Pre Evacuate Collection Set: 0.1ms
[2022-09-02T06:04:29.340+0000][8][gc,phases   ] GC(15)   Merge Heap Roots: 0.0ms
[2022-09-02T06:04:29.341+0000][8][gc,phases   ] GC(15)   Evacuate Collection Set: 57.5ms
[2022-09-02T06:04:29.341+0000][8][gc,phases   ] GC(15)   Post Evacuate Collection Set: 10.0ms
[2022-09-02T06:04:29.341+0000][8][gc,phases   ] GC(15)   Other: 2.0ms
[2022-09-02T06:04:29.341+0000][8][gc,heap     ] GC(15) Eden regions: 33->0(33)
[2022-09-02T06:04:29.341+0000][8][gc,heap     ] GC(15) Survivor regions: 5->5(5)
[2022-09-02T06:04:29.341+0000][8][gc,heap     ] GC(15) Old regions: 3->6
[2022-09-02T06:04:29.342+0000][8][gc,heap     ] GC(15) Archive regions: 2->2
[2022-09-02T06:04:29.342+0000][8][gc,heap     ] GC(15) Humongous regions: 0->0
[2022-09-02T06:04:29.342+0000][8][gc,metaspace] GC(15) Metaspace: 30130K(32256K)->30130K(32256K) NonClass: 26362K(27904K)->26362K(27904K) Class: 3768K(4352K)->3768K(4352K)
[2022-09-02T06:04:29.342+0000][8][gc          ] GC(15) Pause Young (Normal) (G1 Evacuation Pause) 162M->46M(256M) 71.470ms
[2022-09-02T06:04:29.342+0000][8][gc,cpu      ] GC(15) User=0.13s Sys=0.04s Real=0.07s
[2022-09-02T06:04:29.343+0000][8][safepoint   ] Safepoint "G1CollectForAllocation", Time since last: 578751675 ns, Reaching safepoint: 100578 ns, At safepoint: 71986604 ns, Total: 72087182 ns
[2022-09-02T06:04:30.600+0000][8][safepoint   ] Safepoint "Cleanup", Time since last: 1073365677 ns, Reaching safepoint: 183649696 ns, At safepoint: 92814 ns, Total: 183742510 ns
[2022-09-02T06:04:32.805+0000][8][gc,start    ] GC(16) Pause Young (Concurrent Start) (Metadata GC Threshold)
[2022-09-02T06:04:32.806+0000][8][gc,task     ] GC(16) Using 6 workers of 6 for evacuation
[2022-09-02T06:04:32.806+0000][8][gc,age      ] GC(16) Desired survivor size 10485760 bytes, new threshold 1 (max threshold 15)
[2022-09-02T06:04:32.833+0000][8][gc,age      ] GC(16) Age table with threshold 1 (max threshold 15)
[2022-09-02T06:04:32.833+0000][8][gc,age      ] GC(16) - age   1:   12349320 bytes,   12349320 total
[2022-09-02T06:04:32.834+0000][8][gc,phases   ] GC(16)   Pre Evacuate Collection Set: 0.2ms
[2022-09-02T06:04:32.834+0000][8][gc,phases   ] GC(16)   Merge Heap Roots: 0.2ms
[2022-09-02T06:04:32.834+0000][8][gc,phases   ] GC(16)   Evacuate Collection Set: 24.6ms
[2022-09-02T06:04:32.834+0000][8][gc,phases   ] GC(16)   Post Evacuate Collection Set: 1.1ms
[2022-09-02T06:04:32.836+0000][8][gc,phases   ] GC(16)   Other: 2.7ms
[2022-09-02T06:04:32.836+0000][8][gc,heap     ] GC(16) Eden regions: 22->0(28)
[2022-09-02T06:04:32.836+0000][8][gc,heap     ] GC(16) Survivor regions: 5->4(5)
[2022-09-02T06:04:32.837+0000][8][gc,heap     ] GC(16) Old regions: 6->11
[2022-09-02T06:04:32.837+0000][8][gc,heap     ] GC(16) Archive regions: 2->2
[2022-09-02T06:04:32.837+0000][8][gc,heap     ] GC(16) Humongous regions: 0->0
[2022-09-02T06:04:32.837+0000][8][gc,metaspace] GC(16) Metaspace: 33574K(35840K)->33574K(35840K) NonClass: 29232K(30848K)->29232K(30848K) Class: 4342K(4992K)->4342K(4992K)
[2022-09-02T06:04:32.837+0000][8][gc          ] GC(16) Pause Young (Concurrent Start) (Metadata GC Threshold) 132M->59M(256M) 32.518ms
[2022-09-02T06:04:32.838+0000][8][gc,cpu      ] GC(16) User=0.08s Sys=0.01s Real=0.03s
[2022-09-02T06:04:32.838+0000][8][gc          ] GC(17) Concurrent Cycle
[2022-09-02T06:04:32.838+0000][8][safepoint   ] Safepoint "CollectForMetadataAllocation", Time since last: 2204952232 ns, Reaching safepoint: 161723 ns, At safepoint: 33203333 ns, Total: 33365056 ns
[2022-09-02T06:04:32.838+0000][8][gc,marking  ] GC(17) Concurrent Clear Claimed Marks
[2022-09-02T06:04:32.839+0000][8][gc,marking  ] GC(17) Concurrent Clear Claimed Marks 0.547ms
[2022-09-02T06:04:32.839+0000][8][gc,marking  ] GC(17) Concurrent Scan Root Regions
[2022-09-02T06:04:32.864+0000][8][gc,marking  ] GC(17) Concurrent Scan Root Regions 24.768ms
[2022-09-02T06:04:32.864+0000][8][gc,marking  ] GC(17) Concurrent Mark (23.790s)
[2022-09-02T06:04:32.864+0000][8][gc,marking  ] GC(17) Concurrent Mark From Roots
[2022-09-02T06:04:32.865+0000][8][gc,task     ] GC(17) Using 2 workers of 2 for marking
[2022-09-02T06:04:32.873+0000][8][safepoint   ] Safepoint "CollectForMetadataAllocation", Time since last: 34618114 ns, Reaching safepoint: 419757 ns, At safepoint: 329247 ns, Total: 749004 ns
[2022-09-02T06:04:32.880+0000][8][gc,marking  ] GC(17) Concurrent Mark From Roots 15.823ms
[2022-09-02T06:04:32.882+0000][8][gc,marking  ] GC(17) Concurrent Preclean
[2022-09-02T06:04:32.883+0000][8][gc,marking  ] GC(17) Concurrent Preclean 0.768ms
[2022-09-02T06:04:32.883+0000][8][gc,marking  ] GC(17) Concurrent Mark (23.790s, 23.809s) 19.170ms
[2022-09-02T06:04:32.884+0000][8][gc,start    ] GC(17) Pause Remark
[2022-09-02T06:04:32.887+0000][8][gc          ] GC(17) Pause Remark 61M->61M(256M) 3.282ms
[2022-09-02T06:04:32.888+0000][8][gc,cpu      ] GC(17) User=0.01s Sys=0.00s Real=0.00s
[2022-09-02T06:04:32.888+0000][8][safepoint   ] Safepoint "G1Concurrent", Time since last: 10561879 ns, Reaching safepoint: 250750 ns, At safepoint: 3833205 ns, Total: 4083955 ns
[2022-09-02T06:04:32.888+0000][8][gc,marking  ] GC(17) Concurrent Rebuild Remembered Sets
[2022-09-02T06:04:32.907+0000][8][gc,marking  ] GC(17) Concurrent Rebuild Remembered Sets 18.499ms
[2022-09-02T06:04:32.908+0000][8][gc,start    ] GC(17) Pause Cleanup
[2022-09-02T06:04:32.908+0000][8][gc          ] GC(17) Pause Cleanup 63M->63M(256M) 0.414ms
[2022-09-02T06:04:32.908+0000][8][gc,cpu      ] GC(17) User=0.00s Sys=0.00s Real=0.00s
[2022-09-02T06:04:32.908+0000][8][safepoint   ] Safepoint "G1Concurrent", Time since last: 19131033 ns, Reaching safepoint: 401233 ns, At safepoint: 833803 ns, Total: 1235036 ns
[2022-09-02T06:04:32.909+0000][8][gc,marking  ] GC(17) Concurrent Cleanup for Next Mark
[2022-09-02T06:04:32.909+0000][8][gc,marking  ] GC(17) Concurrent Cleanup for Next Mark 0.479ms
[2022-09-02T06:04:32.909+0000][8][gc          ] GC(17) Concurrent Cycle 71.523ms
[2022-09-02T06:04:33.073+0000][8][gc,start    ] GC(18) Pause Young (Concurrent Start) (G1 Evacuation Pause)
[2022-09-02T06:04:33.073+0000][8][gc,task     ] GC(18) Using 6 workers of 6 for evacuation
[2022-09-02T06:04:33.074+0000][8][gc,age      ] GC(18) Desired survivor size 8388608 bytes, new threshold 1 (max threshold 15)
[2022-09-02T06:04:33.083+0000][8][gc,age      ] GC(18) Age table with threshold 1 (max threshold 15)
[2022-09-02T06:04:33.083+0000][8][gc,age      ] GC(18) - age   1:     643616 bytes,     643616 total
[2022-09-02T06:04:33.083+0000][8][gc,phases   ] GC(18)   Pre Evacuate Collection Set: 0.2ms
[2022-09-02T06:04:33.083+0000][8][gc,phases   ] GC(18)   Merge Heap Roots: 0.1ms
[2022-09-02T06:04:33.084+0000][8][gc,phases   ] GC(18)   Evacuate Collection Set: 8.0ms
[2022-09-02T06:04:33.084+0000][8][gc,phases   ] GC(18)   Post Evacuate Collection Set: 0.8ms
[2022-09-02T06:04:33.084+0000][8][gc,phases   ] GC(18)   Other: 1.1ms
[2022-09-02T06:04:33.084+0000][8][gc,heap     ] GC(18) Eden regions: 28->0(30)
[2022-09-02T06:04:33.084+0000][8][gc,heap     ] GC(18) Survivor regions: 4->1(4)
[2022-09-02T06:04:33.084+0000][8][gc,heap     ] GC(18) Old regions: 11->14
[2022-09-02T06:04:33.084+0000][8][gc,heap     ] GC(18) Archive regions: 2->2
[2022-09-02T06:04:33.084+0000][8][gc,heap     ] GC(18) Humongous regions: 0->0
[2022-09-02T06:04:33.085+0000][8][gc,metaspace] GC(18) Metaspace: 35836K(38272K)->35836K(38272K) NonClass: 31262K(33024K)->31262K(33024K) Class: 4574K(5248K)->4574K(5248K)
[2022-09-02T06:04:33.085+0000][8][gc          ] GC(18) Pause Young (Concurrent Start) (G1 Evacuation Pause) 171M->60M(256M) 11.566ms
[2022-09-02T06:04:33.085+0000][8][gc,cpu      ] GC(18) User=0.03s Sys=0.00s Real=0.01s
[2022-09-02T06:04:33.085+0000][8][gc          ] GC(19) Concurrent Cycle
[2022-09-02T06:04:33.085+0000][8][safepoint   ] Safepoint "G1CollectForAllocation", Time since last: 164623870 ns, Reaching safepoint: 155782 ns, At safepoint: 11990357 ns, Total: 12146139 ns
[2022-09-02T06:04:33.085+0000][8][gc,marking  ] GC(19) Concurrent Clear Claimed Marks
[2022-09-02T06:04:33.086+0000][8][gc,marking  ] GC(19) Concurrent Clear Claimed Marks 0.338ms
[2022-09-02T06:04:33.086+0000][8][gc,marking  ] GC(19) Concurrent Scan Root Regions
[2022-09-02T06:04:33.093+0000][8][gc,marking  ] GC(19) Concurrent Scan Root Regions 7.650ms
[2022-09-02T06:04:33.094+0000][8][gc,marking  ] GC(19) Concurrent Mark (24.019s)
[2022-09-02T06:04:33.094+0000][8][gc,marking  ] GC(19) Concurrent Mark From Roots
[2022-09-02T06:04:33.094+0000][8][gc,task     ] GC(19) Using 2 workers of 2 for marking
[2022-09-02T06:04:33.122+0000][8][gc,marking  ] GC(19) Concurrent Mark From Roots 28.646ms
[2022-09-02T06:04:33.123+0000][8][gc,marking  ] GC(19) Concurrent Preclean
[2022-09-02T06:04:33.123+0000][8][gc,marking  ] GC(19) Concurrent Preclean 0.343ms
[2022-09-02T06:04:33.123+0000][8][gc,marking  ] GC(19) Concurrent Mark (24.019s, 24.049s) 29.669ms
[2022-09-02T06:04:33.124+0000][8][gc,start    ] GC(19) Pause Remark
[2022-09-02T06:04:33.126+0000][8][gc          ] GC(19) Pause Remark 62M->62M(256M) 2.457ms
[2022-09-02T06:04:33.126+0000][8][gc,cpu      ] GC(19) User=0.01s Sys=0.00s Real=0.00s
[2022-09-02T06:04:33.127+0000][8][safepoint   ] Safepoint "G1Concurrent", Time since last: 38348387 ns, Reaching safepoint: 152045 ns, At safepoint: 2969526 ns, Total: 3121571 ns
[2022-09-02T06:04:33.127+0000][8][gc,marking  ] GC(19) Concurrent Rebuild Remembered Sets
[2022-09-02T06:04:33.170+0000][8][gc,marking  ] GC(19) Concurrent Rebuild Remembered Sets 42.799ms
[2022-09-02T06:04:33.171+0000][8][gc,start    ] GC(19) Pause Cleanup
[2022-09-02T06:04:33.171+0000][8][gc          ] GC(19) Pause Cleanup 66M->66M(256M) 0.320ms
[2022-09-02T06:04:33.171+0000][8][gc,cpu      ] GC(19) User=0.00s Sys=0.00s Real=0.00s
[2022-09-02T06:04:33.172+0000][8][safepoint   ] Safepoint "G1Concurrent", Time since last: 43288648 ns, Reaching safepoint: 973495 ns, At safepoint: 641843 ns, Total: 1615338 ns
[2022-09-02T06:04:33.172+0000][8][gc,marking  ] GC(19) Concurrent Cleanup for Next Mark
[2022-09-02T06:04:33.172+0000][8][gc,marking  ] GC(19) Concurrent Cleanup for Next Mark 0.564ms
[2022-09-02T06:04:33.173+0000][8][gc          ] GC(19) Concurrent Cycle 87.618ms
[2022-09-02T06:04:34.691+0000][8][safepoint   ] Safepoint "Cleanup", Time since last: 1519255953 ns, Reaching safepoint: 411992 ns, At safepoint: 56345 ns, Total: 468337 ns
[2022-09-02T06:04:34.936+0000][8][gc,start    ] GC(20) Pause Young (Normal) (G1 Evacuation Pause)
[2022-09-02T06:04:34.936+0000][8][gc,task     ] GC(20) Using 6 workers of 6 for evacuation
[2022-09-02T06:04:34.937+0000][8][gc,age      ] GC(20) Desired survivor size 8388608 bytes, new threshold 15 (max threshold 15)
[2022-09-02T06:04:34.945+0000][8][gc,age      ] GC(20) Age table with threshold 15 (max threshold 15)
[2022-09-02T06:04:34.946+0000][8][gc,age      ] GC(20) - age   1:    5917936 bytes,    5917936 total
[2022-09-02T06:04:34.946+0000][8][gc,age      ] GC(20) - age   2:     632240 bytes,    6550176 total
[2022-09-02T06:04:34.947+0000][8][gc,phases   ] GC(20)   Pre Evacuate Collection Set: 0.1ms
[2022-09-02T06:04:34.947+0000][8][gc,phases   ] GC(20)   Merge Heap Roots: 0.1ms
[2022-09-02T06:04:34.947+0000][8][gc,phases   ] GC(20)   Evacuate Collection Set: 6.7ms
[2022-09-02T06:04:34.948+0000][8][gc,phases   ] GC(20)   Post Evacuate Collection Set: 1.5ms
[2022-09-02T06:04:34.948+0000][8][gc,phases   ] GC(20)   Other: 2.3ms
[2022-09-02T06:04:34.948+0000][8][gc,heap     ] GC(20) Eden regions: 30->0(29)
[2022-09-02T06:04:34.948+0000][8][gc,heap     ] GC(20) Survivor regions: 1->2(4)
[2022-09-02T06:04:34.948+0000][8][gc,heap     ] GC(20) Old regions: 14->14
[2022-09-02T06:04:34.949+0000][8][gc,heap     ] GC(20) Archive regions: 2->2
[2022-09-02T06:04:34.949+0000][8][gc,heap     ] GC(20) Humongous regions: 0->0
[2022-09-02T06:04:34.949+0000][8][gc,metaspace] GC(20) Metaspace: 51837K(55424K)->51837K(55424K) NonClass: 44904K(47616K)->44904K(47616K) Class: 6933K(7808K)->6933K(7808K)
[2022-09-02T06:04:34.950+0000][8][gc          ] GC(20) Pause Young (Normal) (G1 Evacuation Pause) 180M->65M(256M) 13.660ms
[2022-09-02T06:04:34.950+0000][8][gc,cpu      ] GC(20) User=0.05s Sys=0.00s Real=0.02s
[2022-09-02T06:04:34.950+0000][8][safepoint   ] Safepoint "G1CollectForAllocation", Time since last: 244499163 ns, Reaching safepoint: 158247 ns, At safepoint: 14222992 ns, Total: 14381239 ns
[2022-09-02T06:04:35.865+0000][8][gc,heap,exit] Heap
[2022-09-02T06:04:35.865+0000][8][gc,heap,exit]  garbage-first heap   total 262144K, used 181781K [0x00000000f0000000, 0x0000000100000000)
[2022-09-02T06:04:35.865+0000][8][gc,heap,exit]   region size 4096K, 31 young (126976K), 2 survivors (8192K)
[2022-09-02T06:04:35.865+0000][8][gc,heap,exit]  Metaspace       used 60199K, capacity 63144K, committed 64000K, reserved 1103872K
[2022-09-02T06:04:35.866+0000][8][gc,heap,exit]   class space    used 8002K, capacity 8840K, committed 8960K, reserved 1048576K
